
2022-11-25 08:13:10	INFO	::casa	
2022-11-25 08:13:10	INFO	::casa	Checking telemetry submission interval
2022-11-25 08:13:10	INFO	::casa	Telemetry submit interval reached, submitting telemetry data.
2022-11-25 08:13:13	INFO	::casa	Removed/home/mariagloba/.casa/telemetry-b42e99877ea0-20221125161311.tar.gz
2022-11-25 08:13:13	INFO	::casa	CASA Version  5.7.2-4  
2022-11-25 08:13:19	INFO	viewer::::	
2022-11-25 08:13:19	INFO	viewer::::+	##########################################
2022-11-25 08:13:19	INFO	viewer::::+	##### Begin Task: viewer             #####
2022-11-25 08:13:19	INFO	viewer::::	viewer(infile="",displaytype="raster",channel=0,zoom=1,outfile="",
2022-11-25 08:13:19	INFO	viewer::::+	        outscale=1.0,outdpi=300,outformat="jpg",outlandscape=False,gui=True)
2022-11-25 08:13:19	INFO	viewer::::	##### End Task: viewer               #####
2022-11-25 08:13:19	INFO	viewer::::+	##########################################
2022-11-25 08:22:18	INFO		FITS card 13: CRPIX1  =                 1024                                                  
2022-11-25 08:22:18	INFO		Keyword value has wrong data type.
2022-11-25 08:22:18	INFO		... converted to type double.
2022-11-25 08:22:18	INFO		FITS card 14: CRPIX2  =                 1024                                                  
2022-11-25 08:22:18	INFO		Keyword value has wrong data type.
2022-11-25 08:22:18	INFO		... converted to type double.
2022-11-25 08:22:18	INFO		FITS card 13: CRPIX1  =                 1024                                                  
2022-11-25 08:22:18	INFO		Keyword value has wrong data type.
2022-11-25 08:22:18	INFO		... converted to type double.
2022-11-25 08:22:18	INFO		FITS card 14: CRPIX2  =                 1024                                                  
2022-11-25 08:22:18	INFO		Keyword value has wrong data type.
2022-11-25 08:22:18	INFO		... converted to type double.
2022-11-25 08:22:18	INFO		FITS card 13: CRPIX1  =                 1024                                                  
2022-11-25 08:22:18	INFO		Keyword value has wrong data type.
2022-11-25 08:22:18	INFO		... converted to type double.
2022-11-25 08:22:18	INFO		FITS card 14: CRPIX2  =                 1024                                                  
2022-11-25 08:22:18	INFO		Keyword value has wrong data type.
2022-11-25 08:22:18	INFO		... converted to type double.
2022-11-25 08:22:18	INFO	FITSCoordinateUtil::fromFITSHeader	No Direction system is defined - J2000 assumed
2022-11-25 08:22:18	INFO	FITSCoordinateUtil::fromFITSHeader	passing empty or nonexistant spectral Coordinate axis
2022-11-25 08:22:18	INFO		FITS card 13: CRPIX1  =                 1024                                                  
2022-11-25 08:22:18	INFO		Keyword value has wrong data type.
2022-11-25 08:22:18	INFO		... converted to type double.
2022-11-25 08:22:18	INFO		FITS card 14: CRPIX2  =                 1024                                                  
2022-11-25 08:22:18	INFO		Keyword value has wrong data type.
2022-11-25 08:22:18	INFO		... converted to type double.
2022-11-25 08:22:18	INFO		FITS card 13: CRPIX1  =                 1024                                                  
2022-11-25 08:22:18	INFO		Keyword value has wrong data type.
2022-11-25 08:22:18	INFO		... converted to type double.
2022-11-25 08:22:18	INFO		FITS card 14: CRPIX2  =                 1024                                                  
2022-11-25 08:22:18	INFO		Keyword value has wrong data type.
2022-11-25 08:22:18	INFO		... converted to type double.
2022-11-25 08:22:18	INFO		FITS card 13: CRPIX1  =                 1024                                                  
2022-11-25 08:22:18	INFO		Keyword value has wrong data type.
2022-11-25 08:22:18	INFO		... converted to type double.
2022-11-25 08:22:18	INFO		FITS card 14: CRPIX2  =                 1024                                                  
2022-11-25 08:22:18	INFO		Keyword value has wrong data type.
2022-11-25 08:22:18	INFO		... converted to type double.
2022-11-25 08:22:18	INFO	FITSCoordinateUtil::fromFITSHeader	No Direction system is defined - J2000 assumed
2022-11-25 08:22:18	INFO	FITSCoordinateUtil::fromFITSHeader	passing empty or nonexistant spectral Coordinate axis
2022-11-25 08:22:25	INFO		FITS card 14: CRPIX1  =                 1024                                                  
2022-11-25 08:22:25	INFO		Keyword value has wrong data type.
2022-11-25 08:22:25	INFO		... converted to type double.
2022-11-25 08:22:25	INFO		FITS card 15: CRPIX2  =                 1024                                                  
2022-11-25 08:22:25	INFO		Keyword value has wrong data type.
2022-11-25 08:22:25	INFO		... converted to type double.
2022-11-25 08:22:25	INFO		FITS card 14: CRPIX1  =                 1024                                                  
2022-11-25 08:22:25	INFO		Keyword value has wrong data type.
2022-11-25 08:22:25	INFO		... converted to type double.
2022-11-25 08:22:25	INFO		FITS card 15: CRPIX2  =                 1024                                                  
2022-11-25 08:22:25	INFO		Keyword value has wrong data type.
2022-11-25 08:22:25	INFO		... converted to type double.
2022-11-25 08:22:25	INFO		FITS card 14: CRPIX1  =                 1024                                                  
2022-11-25 08:22:25	INFO		Keyword value has wrong data type.
2022-11-25 08:22:25	INFO		... converted to type double.
2022-11-25 08:22:25	INFO		FITS card 15: CRPIX2  =                 1024                                                  
2022-11-25 08:22:25	INFO		Keyword value has wrong data type.
2022-11-25 08:22:25	INFO		... converted to type double.
2022-11-25 08:22:25	INFO	FITSCoordinateUtil::fromFITSHeader	No Direction system is defined - J2000 assumed
2022-11-25 08:22:25	INFO	FITSCoordinateUtil::fromFITSHeader	passing empty or nonexistant spectral Coordinate axis
2022-11-25 08:22:25	INFO		FITS card 14: CRPIX1  =                 1024                                                  
2022-11-25 08:22:25	INFO		Keyword value has wrong data type.
2022-11-25 08:22:25	INFO		... converted to type double.
2022-11-25 08:22:25	INFO		FITS card 15: CRPIX2  =                 1024                                                  
2022-11-25 08:22:25	INFO		Keyword value has wrong data type.
2022-11-25 08:22:25	INFO		... converted to type double.
2022-11-25 08:22:25	INFO		FITS card 14: CRPIX1  =                 1024                                                  
2022-11-25 08:22:25	INFO		Keyword value has wrong data type.
2022-11-25 08:22:25	INFO		... converted to type double.
2022-11-25 08:22:25	INFO		FITS card 15: CRPIX2  =                 1024                                                  
2022-11-25 08:22:25	INFO		Keyword value has wrong data type.
2022-11-25 08:22:25	INFO		... converted to type double.
2022-11-25 08:22:25	INFO		FITS card 14: CRPIX1  =                 1024                                                  
2022-11-25 08:22:25	INFO		Keyword value has wrong data type.
2022-11-25 08:22:25	INFO		... converted to type double.
2022-11-25 08:22:25	INFO		FITS card 15: CRPIX2  =                 1024                                                  
2022-11-25 08:22:25	INFO		Keyword value has wrong data type.
2022-11-25 08:22:25	INFO		... converted to type double.
2022-11-25 08:22:25	INFO	FITSCoordinateUtil::fromFITSHeader	No Direction system is defined - J2000 assumed
2022-11-25 08:22:25	INFO	FITSCoordinateUtil::fromFITSHeader	passing empty or nonexistant spectral Coordinate axis
2022-11-25 08:22:26	INFO		FITS card 14: CRPIX1  =                 1024                                                  
2022-11-25 08:22:26	INFO		Keyword value has wrong data type.
2022-11-25 08:22:26	INFO		... converted to type double.
2022-11-25 08:22:26	INFO		FITS card 15: CRPIX2  =                 1024                                                  
2022-11-25 08:22:26	INFO		Keyword value has wrong data type.
2022-11-25 08:22:26	INFO		... converted to type double.
2022-11-25 08:22:26	INFO		FITS card 14: CRPIX1  =                 1024                                                  
2022-11-25 08:22:26	INFO		Keyword value has wrong data type.
2022-11-25 08:22:26	INFO		... converted to type double.
2022-11-25 08:22:26	INFO		FITS card 15: CRPIX2  =                 1024                                                  
2022-11-25 08:22:26	INFO		Keyword value has wrong data type.
2022-11-25 08:22:26	INFO		... converted to type double.
2022-11-25 08:22:26	INFO		FITS card 14: CRPIX1  =                 1024                                                  
2022-11-25 08:22:26	INFO		Keyword value has wrong data type.
2022-11-25 08:22:26	INFO		... converted to type double.
2022-11-25 08:22:26	INFO		FITS card 15: CRPIX2  =                 1024                                                  
2022-11-25 08:22:26	INFO		Keyword value has wrong data type.
2022-11-25 08:22:26	INFO		... converted to type double.
2022-11-25 08:22:26	INFO	FITSCoordinateUtil::fromFITSHeader	No Direction system is defined - J2000 assumed
2022-11-25 08:22:26	INFO	FITSCoordinateUtil::fromFITSHeader	passing empty or nonexistant spectral Coordinate axis
2022-11-25 08:22:27	WARN	WCCSAxisLabeller::setSpectralState (file ../../display/DisplayCanvas/WCCSAxisLabeller.cc, line 659)	Illegal spectral unit 
2022-11-25 08:22:27	WARN	WCCSAxisLabeller::setSpectralState (file ../../display/DisplayCanvas/WCCSAxisLabeller.cc, line 659)	Illegal spectral unit 
2022-11-25 08:22:27	WARN	WCCSAxisLabeller::setSpectralState (file ../../display/DisplayCanvas/WCCSAxisLabeller.cc, line 659)	Illegal spectral unit 
