2023-07-13 03:26:43	INFO	::casa	
2023-07-13 03:26:43	INFO	::casa	CASA Version  5.7.2-4  
2023-07-13 03:27:04	INFO	viewer::::	
2023-07-13 03:27:04	INFO	viewer::::+	##########################################
2023-07-13 03:27:04	INFO	viewer::::+	##### Begin Task: viewer             #####
2023-07-13 03:27:04	INFO	viewer::::	viewer(infile="",displaytype="raster",channel=0,zoom=1,outfile="",
2023-07-13 03:27:04	INFO	viewer::::+	        outscale=1.0,outdpi=300,outformat="jpg",outlandscape=False,gui=True)
2023-07-13 03:27:05	INFO	viewer::::	##### End Task: viewer               #####
2023-07-13 03:27:05	INFO	viewer::::+	##########################################
2023-07-13 03:28:53	INFO		FITS card 14: CRPIX1  =                  256                                                  
2023-07-13 03:28:53	INFO		Keyword value has wrong data type.
2023-07-13 03:28:53	INFO		... converted to type double.
2023-07-13 03:28:53	INFO		FITS card 15: CRPIX2  =                  256                                                  
2023-07-13 03:28:53	INFO		Keyword value has wrong data type.
2023-07-13 03:28:53	INFO		... converted to type double.
2023-07-13 03:28:53	INFO		FITS card 23: CRVAL1  =                    0                                                  
2023-07-13 03:28:53	INFO		Keyword value has wrong data type.
2023-07-13 03:28:53	INFO		... converted to type double.
2023-07-13 03:28:53	INFO		FITS card 24: CRVAL2  =                    0                                                  
2023-07-13 03:28:53	INFO		Keyword value has wrong data type.
2023-07-13 03:28:53	INFO		... converted to type double.
2023-07-13 03:28:53	INFO		FITS card 14: CRPIX1  =                  256                                                  
2023-07-13 03:28:53	INFO		Keyword value has wrong data type.
2023-07-13 03:28:53	INFO		... converted to type double.
2023-07-13 03:28:53	INFO		FITS card 15: CRPIX2  =                  256                                                  
2023-07-13 03:28:53	INFO		Keyword value has wrong data type.
2023-07-13 03:28:53	INFO		... converted to type double.
2023-07-13 03:28:53	INFO		FITS card 23: CRVAL1  =                    0                                                  
2023-07-13 03:28:53	INFO		Keyword value has wrong data type.
2023-07-13 03:28:53	INFO		... converted to type double.
2023-07-13 03:28:53	INFO		FITS card 24: CRVAL2  =                    0                                                  
2023-07-13 03:28:53	INFO		Keyword value has wrong data type.
2023-07-13 03:28:53	INFO		... converted to type double.
2023-07-13 03:28:53	INFO		FITS card 14: CRPIX1  =                  256                                                  
2023-07-13 03:28:53	INFO		Keyword value has wrong data type.
2023-07-13 03:28:53	INFO		... converted to type double.
2023-07-13 03:28:53	INFO		FITS card 15: CRPIX2  =                  256                                                  
2023-07-13 03:28:53	INFO		Keyword value has wrong data type.
2023-07-13 03:28:53	INFO		... converted to type double.
2023-07-13 03:28:53	INFO		FITS card 23: CRVAL1  =                    0                                                  
2023-07-13 03:28:53	INFO		Keyword value has wrong data type.
2023-07-13 03:28:53	INFO		... converted to type double.
2023-07-13 03:28:53	INFO		FITS card 24: CRVAL2  =                    0                                                  
2023-07-13 03:28:53	INFO		Keyword value has wrong data type.
2023-07-13 03:28:53	INFO		... converted to type double.
2023-07-13 03:28:53	INFO	FITSCoordinateUtil::fromFITSHeader	No Direction system is defined - J2000 assumed
2023-07-13 03:28:53	INFO	FITSCoordinateUtil::fromFITSHeader	passing empty or nonexistant spectral Coordinate axis
2023-07-13 03:28:53	INFO		FITS card 14: CRPIX1  =                  256                                                  
2023-07-13 03:28:53	INFO		Keyword value has wrong data type.
2023-07-13 03:28:53	INFO		... converted to type double.
2023-07-13 03:28:53	INFO		FITS card 15: CRPIX2  =                  256                                                  
2023-07-13 03:28:53	INFO		Keyword value has wrong data type.
2023-07-13 03:28:53	INFO		... converted to type double.
2023-07-13 03:28:53	INFO		FITS card 23: CRVAL1  =                    0                                                  
2023-07-13 03:28:53	INFO		Keyword value has wrong data type.
2023-07-13 03:28:53	INFO		... converted to type double.
2023-07-13 03:28:53	INFO		FITS card 24: CRVAL2  =                    0                                                  
2023-07-13 03:28:53	INFO		Keyword value has wrong data type.
2023-07-13 03:28:53	INFO		... converted to type double.
2023-07-13 03:28:53	INFO		FITS card 14: CRPIX1  =                  256                                                  
2023-07-13 03:28:53	INFO		Keyword value has wrong data type.
2023-07-13 03:28:53	INFO		... converted to type double.
2023-07-13 03:28:53	INFO		FITS card 15: CRPIX2  =                  256                                                  
2023-07-13 03:28:53	INFO		Keyword value has wrong data type.
2023-07-13 03:28:53	INFO		... converted to type double.
2023-07-13 03:28:53	INFO		FITS card 23: CRVAL1  =                    0                                                  
2023-07-13 03:28:53	INFO		Keyword value has wrong data type.
2023-07-13 03:28:53	INFO		... converted to type double.
2023-07-13 03:28:53	INFO		FITS card 24: CRVAL2  =                    0                                                  
2023-07-13 03:28:53	INFO		Keyword value has wrong data type.
2023-07-13 03:28:53	INFO		... converted to type double.
2023-07-13 03:28:53	INFO		FITS card 14: CRPIX1  =                  256                                                  
2023-07-13 03:28:53	INFO		Keyword value has wrong data type.
2023-07-13 03:28:53	INFO		... converted to type double.
2023-07-13 03:28:53	INFO		FITS card 15: CRPIX2  =                  256                                                  
2023-07-13 03:28:53	INFO		Keyword value has wrong data type.
2023-07-13 03:28:53	INFO		... converted to type double.
2023-07-13 03:28:53	INFO		FITS card 23: CRVAL1  =                    0                                                  
2023-07-13 03:28:53	INFO		Keyword value has wrong data type.
2023-07-13 03:28:53	INFO		... converted to type double.
2023-07-13 03:28:53	INFO		FITS card 24: CRVAL2  =                    0                                                  
2023-07-13 03:28:53	INFO		Keyword value has wrong data type.
2023-07-13 03:28:53	INFO		... converted to type double.
2023-07-13 03:28:53	INFO	FITSCoordinateUtil::fromFITSHeader	No Direction system is defined - J2000 assumed
2023-07-13 03:28:53	INFO	FITSCoordinateUtil::fromFITSHeader	passing empty or nonexistant spectral Coordinate axis
2023-07-13 03:28:54	INFO		FITS card 14: CRPIX1  =                  256                                                  
2023-07-13 03:28:54	INFO		Keyword value has wrong data type.
2023-07-13 03:28:54	INFO		... converted to type double.
2023-07-13 03:28:54	INFO		FITS card 15: CRPIX2  =                  256                                                  
2023-07-13 03:28:54	INFO		Keyword value has wrong data type.
2023-07-13 03:28:54	INFO		... converted to type double.
2023-07-13 03:28:54	INFO		FITS card 23: CRVAL1  =                    0                                                  
2023-07-13 03:28:54	INFO		Keyword value has wrong data type.
2023-07-13 03:28:54	INFO		... converted to type double.
2023-07-13 03:28:54	INFO		FITS card 24: CRVAL2  =                    0                                                  
2023-07-13 03:28:54	INFO		Keyword value has wrong data type.
2023-07-13 03:28:54	INFO		... converted to type double.
2023-07-13 03:28:54	INFO		FITS card 14: CRPIX1  =                  256                                                  
2023-07-13 03:28:54	INFO		Keyword value has wrong data type.
2023-07-13 03:28:54	INFO		... converted to type double.
2023-07-13 03:28:54	INFO		FITS card 15: CRPIX2  =                  256                                                  
2023-07-13 03:28:54	INFO		Keyword value has wrong data type.
2023-07-13 03:28:54	INFO		... converted to type double.
2023-07-13 03:28:54	INFO		FITS card 23: CRVAL1  =                    0                                                  
2023-07-13 03:28:54	INFO		Keyword value has wrong data type.
2023-07-13 03:28:54	INFO		... converted to type double.
2023-07-13 03:28:54	INFO		FITS card 24: CRVAL2  =                    0                                                  
2023-07-13 03:28:54	INFO		Keyword value has wrong data type.
2023-07-13 03:28:54	INFO		... converted to type double.
2023-07-13 03:28:54	INFO		FITS card 14: CRPIX1  =                  256                                                  
2023-07-13 03:28:54	INFO		Keyword value has wrong data type.
2023-07-13 03:28:54	INFO		... converted to type double.
2023-07-13 03:28:54	INFO		FITS card 15: CRPIX2  =                  256                                                  
2023-07-13 03:28:54	INFO		Keyword value has wrong data type.
2023-07-13 03:28:54	INFO		... converted to type double.
2023-07-13 03:28:54	INFO		FITS card 23: CRVAL1  =                    0                                                  
2023-07-13 03:28:54	INFO		Keyword value has wrong data type.
2023-07-13 03:28:54	INFO		... converted to type double.
2023-07-13 03:28:54	INFO		FITS card 24: CRVAL2  =                    0                                                  
2023-07-13 03:28:54	INFO		Keyword value has wrong data type.
2023-07-13 03:28:54	INFO		... converted to type double.
2023-07-13 03:28:54	INFO	FITSCoordinateUtil::fromFITSHeader	No Direction system is defined - J2000 assumed
2023-07-13 03:28:54	INFO	FITSCoordinateUtil::fromFITSHeader	passing empty or nonexistant spectral Coordinate axis
2023-07-13 03:28:55	WARN	WCCSAxisLabeller::setSpectralState (file ../../display/DisplayCanvas/WCCSAxisLabeller.cc, line 659)	Illegal spectral unit 
2023-07-13 03:28:55	WARN	WCCSAxisLabeller::setSpectralState (file ../../display/DisplayCanvas/WCCSAxisLabeller.cc, line 659)	Illegal spectral unit 
2023-07-13 03:28:55	WARN	WCCSAxisLabeller::setSpectralState (file ../../display/DisplayCanvas/WCCSAxisLabeller.cc, line 659)	Illegal spectral unit 
2023-07-13 03:29:16	INFO		FITS card 13: CRPIX1  =                  256                                                  
2023-07-13 03:29:16	INFO		Keyword value has wrong data type.
2023-07-13 03:29:16	INFO		... converted to type double.
2023-07-13 03:29:16	INFO		FITS card 14: CRPIX2  =                  256                                                  
2023-07-13 03:29:16	INFO		Keyword value has wrong data type.
2023-07-13 03:29:16	INFO		... converted to type double.
2023-07-13 03:29:16	INFO		FITS card 22: CRVAL1  =                    0                                                  
2023-07-13 03:29:16	INFO		Keyword value has wrong data type.
2023-07-13 03:29:16	INFO		... converted to type double.
2023-07-13 03:29:16	INFO		FITS card 23: CRVAL2  =                    0                                                  
2023-07-13 03:29:16	INFO		Keyword value has wrong data type.
2023-07-13 03:29:16	INFO		... converted to type double.
2023-07-13 03:29:16	INFO		FITS card 13: CRPIX1  =                  256                                                  
2023-07-13 03:29:16	INFO		Keyword value has wrong data type.
2023-07-13 03:29:16	INFO		... converted to type double.
2023-07-13 03:29:16	INFO		FITS card 14: CRPIX2  =                  256                                                  
2023-07-13 03:29:16	INFO		Keyword value has wrong data type.
2023-07-13 03:29:16	INFO		... converted to type double.
2023-07-13 03:29:16	INFO		FITS card 22: CRVAL1  =                    0                                                  
2023-07-13 03:29:16	INFO		Keyword value has wrong data type.
2023-07-13 03:29:16	INFO		... converted to type double.
2023-07-13 03:29:16	INFO		FITS card 23: CRVAL2  =                    0                                                  
2023-07-13 03:29:16	INFO		Keyword value has wrong data type.
2023-07-13 03:29:16	INFO		... converted to type double.
2023-07-13 03:29:16	INFO		FITS card 13: CRPIX1  =                  256                                                  
2023-07-13 03:29:16	INFO		Keyword value has wrong data type.
2023-07-13 03:29:16	INFO		... converted to type double.
2023-07-13 03:29:16	INFO		FITS card 14: CRPIX2  =                  256                                                  
2023-07-13 03:29:16	INFO		Keyword value has wrong data type.
2023-07-13 03:29:16	INFO		... converted to type double.
2023-07-13 03:29:16	INFO		FITS card 22: CRVAL1  =                    0                                                  
2023-07-13 03:29:16	INFO		Keyword value has wrong data type.
2023-07-13 03:29:16	INFO		... converted to type double.
2023-07-13 03:29:16	INFO		FITS card 23: CRVAL2  =                    0                                                  
2023-07-13 03:29:16	INFO		Keyword value has wrong data type.
2023-07-13 03:29:16	INFO		... converted to type double.
2023-07-13 03:29:16	INFO	FITSCoordinateUtil::fromFITSHeader	No Direction system is defined - J2000 assumed
2023-07-13 03:29:16	INFO	FITSCoordinateUtil::fromFITSHeader	passing empty or nonexistant spectral Coordinate axis
2023-07-13 03:29:16	INFO		FITS card 13: CRPIX1  =                  256                                                  
2023-07-13 03:29:16	INFO		Keyword value has wrong data type.
2023-07-13 03:29:16	INFO		... converted to type double.
2023-07-13 03:29:16	INFO		FITS card 14: CRPIX2  =                  256                                                  
2023-07-13 03:29:16	INFO		Keyword value has wrong data type.
2023-07-13 03:29:16	INFO		... converted to type double.
2023-07-13 03:29:16	INFO		FITS card 22: CRVAL1  =                    0                                                  
2023-07-13 03:29:16	INFO		Keyword value has wrong data type.
2023-07-13 03:29:16	INFO		... converted to type double.
2023-07-13 03:29:16	INFO		FITS card 23: CRVAL2  =                    0                                                  
2023-07-13 03:29:16	INFO		Keyword value has wrong data type.
2023-07-13 03:29:16	INFO		... converted to type double.
2023-07-13 03:29:16	INFO		FITS card 13: CRPIX1  =                  256                                                  
2023-07-13 03:29:16	INFO		Keyword value has wrong data type.
2023-07-13 03:29:16	INFO		... converted to type double.
2023-07-13 03:29:16	INFO		FITS card 14: CRPIX2  =                  256                                                  
2023-07-13 03:29:16	INFO		Keyword value has wrong data type.
2023-07-13 03:29:16	INFO		... converted to type double.
2023-07-13 03:29:16	INFO		FITS card 22: CRVAL1  =                    0                                                  
2023-07-13 03:29:16	INFO		Keyword value has wrong data type.
2023-07-13 03:29:16	INFO		... converted to type double.
2023-07-13 03:29:16	INFO		FITS card 23: CRVAL2  =                    0                                                  
2023-07-13 03:29:16	INFO		Keyword value has wrong data type.
2023-07-13 03:29:16	INFO		... converted to type double.
2023-07-13 03:29:16	INFO		FITS card 13: CRPIX1  =                  256                                                  
2023-07-13 03:29:16	INFO		Keyword value has wrong data type.
2023-07-13 03:29:16	INFO		... converted to type double.
2023-07-13 03:29:16	INFO		FITS card 14: CRPIX2  =                  256                                                  
2023-07-13 03:29:16	INFO		Keyword value has wrong data type.
2023-07-13 03:29:16	INFO		... converted to type double.
2023-07-13 03:29:16	INFO		FITS card 22: CRVAL1  =                    0                                                  
2023-07-13 03:29:16	INFO		Keyword value has wrong data type.
2023-07-13 03:29:16	INFO		... converted to type double.
2023-07-13 03:29:16	INFO		FITS card 23: CRVAL2  =                    0                                                  
2023-07-13 03:29:16	INFO		Keyword value has wrong data type.
2023-07-13 03:29:16	INFO		... converted to type double.
2023-07-13 03:29:16	INFO	FITSCoordinateUtil::fromFITSHeader	No Direction system is defined - J2000 assumed
2023-07-13 03:29:16	INFO	FITSCoordinateUtil::fromFITSHeader	passing empty or nonexistant spectral Coordinate axis
2023-07-13 03:29:17	INFO		FITS card 13: CRPIX1  =                  256                                                  
2023-07-13 03:29:17	INFO		Keyword value has wrong data type.
2023-07-13 03:29:17	INFO		... converted to type double.
2023-07-13 03:29:17	INFO		FITS card 14: CRPIX2  =                  256                                                  
2023-07-13 03:29:17	INFO		Keyword value has wrong data type.
2023-07-13 03:29:17	INFO		... converted to type double.
2023-07-13 03:29:17	INFO		FITS card 22: CRVAL1  =                    0                                                  
2023-07-13 03:29:17	INFO		Keyword value has wrong data type.
2023-07-13 03:29:17	INFO		... converted to type double.
2023-07-13 03:29:17	INFO		FITS card 23: CRVAL2  =                    0                                                  
2023-07-13 03:29:17	INFO		Keyword value has wrong data type.
2023-07-13 03:29:17	INFO		... converted to type double.
2023-07-13 03:29:17	INFO		FITS card 13: CRPIX1  =                  256                                                  
2023-07-13 03:29:17	INFO		Keyword value has wrong data type.
2023-07-13 03:29:17	INFO		... converted to type double.
2023-07-13 03:29:17	INFO		FITS card 14: CRPIX2  =                  256                                                  
2023-07-13 03:29:17	INFO		Keyword value has wrong data type.
2023-07-13 03:29:17	INFO		... converted to type double.
2023-07-13 03:29:17	INFO		FITS card 22: CRVAL1  =                    0                                                  
2023-07-13 03:29:17	INFO		Keyword value has wrong data type.
2023-07-13 03:29:17	INFO		... converted to type double.
2023-07-13 03:29:17	INFO		FITS card 23: CRVAL2  =                    0                                                  
2023-07-13 03:29:17	INFO		Keyword value has wrong data type.
2023-07-13 03:29:17	INFO		... converted to type double.
2023-07-13 03:29:17	INFO		FITS card 13: CRPIX1  =                  256                                                  
2023-07-13 03:29:17	INFO		Keyword value has wrong data type.
2023-07-13 03:29:17	INFO		... converted to type double.
2023-07-13 03:29:17	INFO		FITS card 14: CRPIX2  =                  256                                                  
2023-07-13 03:29:17	INFO		Keyword value has wrong data type.
2023-07-13 03:29:17	INFO		... converted to type double.
2023-07-13 03:29:17	INFO		FITS card 22: CRVAL1  =                    0                                                  
2023-07-13 03:29:17	INFO		Keyword value has wrong data type.
2023-07-13 03:29:17	INFO		... converted to type double.
2023-07-13 03:29:17	INFO		FITS card 23: CRVAL2  =                    0                                                  
2023-07-13 03:29:17	INFO		Keyword value has wrong data type.
2023-07-13 03:29:17	INFO		... converted to type double.
2023-07-13 03:29:17	INFO	FITSCoordinateUtil::fromFITSHeader	No Direction system is defined - J2000 assumed
2023-07-13 03:29:17	INFO	FITSCoordinateUtil::fromFITSHeader	passing empty or nonexistant spectral Coordinate axis
2023-07-13 03:29:18	WARN	WCCSAxisLabeller::setSpectralState (file ../../display/DisplayCanvas/WCCSAxisLabeller.cc, line 659)	Illegal spectral unit 
2023-07-13 03:29:18	WARN	WCCSAxisLabeller::setSpectralState (file ../../display/DisplayCanvas/WCCSAxisLabeller.cc, line 659)	Illegal spectral unit 
2023-07-13 03:29:18	WARN	WCCSAxisLabeller::setSpectralState (file ../../display/DisplayCanvas/WCCSAxisLabeller.cc, line 659)	Illegal spectral unit 
